<?xml version="1.0" encoding="UTF-8"?>
<!-- Generated by org.testng.reporters.JUnitReportReporter -->
<testsuite skipped="0" hostname="Manu" name="com.tyss.firstmavencmdTest" tests="2" failures="0" timestamp="2022-08-30T10:55:15 IST" time="0.058" errors="0">
  <testcase name="secondMethod" time="0.014" classname="com.tyss.firstmavencmdTest"/>
  <system-out/>
  <testcase name="firstMethod" time="0.044" classname="com.tyss.firstmavencmdTest"/>
  <system-out/>
</testsuite> <!-- com.tyss.firstmavencmdTest -->
