<?xml version="1.0" encoding="UTF-8"?>
<!-- Generated by org.testng.reporters.JUnitReportReporter -->
<testsuite skipped="0" hostname="Manu" name="com.tyss.firstmavencmdTest" tests="2" failures="0" timestamp="2022-08-30T10:24:13 IST" time="0.020" errors="0">
  <testcase name="secondMethod" time="0.003" classname="com.tyss.firstmavencmdTest"/>
  <system-out/>
  <testcase name="firstMethod" time="0.017" classname="com.tyss.firstmavencmdTest"/>
  <system-out/>
</testsuite> <!-- com.tyss.firstmavencmdTest -->
